0 info it worked if it ends with ok
1 verbose cli [ 'node',
1 verbose cli   '/usr/local/bin/npm',
1 verbose cli   'install',
1 verbose cli   '--save-dev',
1 verbose cli   'gulp--sass' ]
2 info using npm@1.4.28
3 info using node@v0.10.33
4 verbose readDependencies using package.json deps
5 verbose cache add [ 'gulp--sass', null ]
6 verbose cache add name=undefined spec="gulp--sass" args=["gulp--sass",null]
7 verbose parsed url { protocol: null,
7 verbose parsed url   slashes: null,
7 verbose parsed url   auth: null,
7 verbose parsed url   host: null,
7 verbose parsed url   port: null,
7 verbose parsed url   hostname: null,
7 verbose parsed url   hash: null,
7 verbose parsed url   search: null,
7 verbose parsed url   query: null,
7 verbose parsed url   pathname: 'gulp--sass',
7 verbose parsed url   path: 'gulp--sass',
7 verbose parsed url   href: 'gulp--sass' }
8 silly lockFile 30632ced-gulp-sass gulp--sass
9 verbose lock gulp--sass /Users/sivar004/.npm/30632ced-gulp-sass.lock
10 silly lockFile 30632ced-gulp-sass gulp--sass
11 silly lockFile 30632ced-gulp-sass gulp--sass
12 verbose addNamed [ 'gulp--sass', '' ]
13 verbose addNamed [ null, '*' ]
14 silly lockFile aea3f25f-gulp-sass gulp--sass@
15 verbose lock gulp--sass@ /Users/sivar004/.npm/aea3f25f-gulp-sass.lock
16 silly addNameRange { name: 'gulp--sass', range: '*', hasData: false }
17 verbose request where is /gulp--sass
18 verbose request registry https://registry.npmjs.org/
19 verbose request id 709a373c77183fd0
20 verbose url raw /gulp--sass
21 verbose url resolving [ 'https://registry.npmjs.org/', './gulp--sass' ]
22 verbose url resolved https://registry.npmjs.org/gulp--sass
23 verbose request where is https://registry.npmjs.org/gulp--sass
24 info trying registry request attempt 1 at 08:56:46
25 http GET https://registry.npmjs.org/gulp--sass
26 http 404 https://registry.npmjs.org/gulp--sass
27 verbose headers { date: 'Wed, 01 Apr 2015 15:56:46 GMT',
27 verbose headers   server: 'CouchDB/1.5.0 (Erlang OTP/R16B03)',
27 verbose headers   'content-type': 'application/json',
27 verbose headers   'cache-control': 'max-age=0',
27 verbose headers   'content-length': '51',
27 verbose headers   'accept-ranges': 'bytes',
27 verbose headers   via: '1.1 varnish',
27 verbose headers   age: '0',
27 verbose headers   'x-served-by': 'cache-lax1426-LAX',
27 verbose headers   'x-cache': 'MISS',
27 verbose headers   'x-cache-hits': '0',
27 verbose headers   'x-timer': 'S1427903806.443812,VS0,VE81',
27 verbose headers   'keep-alive': 'timeout=10, max=50',
27 verbose headers   connection: 'Keep-Alive' }
28 silly registry.get cb [ 404,
28 silly registry.get   { date: 'Wed, 01 Apr 2015 15:56:46 GMT',
28 silly registry.get     server: 'CouchDB/1.5.0 (Erlang OTP/R16B03)',
28 silly registry.get     'content-type': 'application/json',
28 silly registry.get     'cache-control': 'max-age=0',
28 silly registry.get     'content-length': '51',
28 silly registry.get     'accept-ranges': 'bytes',
28 silly registry.get     via: '1.1 varnish',
28 silly registry.get     age: '0',
28 silly registry.get     'x-served-by': 'cache-lax1426-LAX',
28 silly registry.get     'x-cache': 'MISS',
28 silly registry.get     'x-cache-hits': '0',
28 silly registry.get     'x-timer': 'S1427903806.443812,VS0,VE81',
28 silly registry.get     'keep-alive': 'timeout=10, max=50',
28 silly registry.get     connection: 'Keep-Alive' } ]
29 silly lockFile aea3f25f-gulp-sass gulp--sass@
30 silly lockFile aea3f25f-gulp-sass gulp--sass@
31 error 404 404 Not Found: gulp--sass
31 error 404
31 error 404 'gulp--sass' is not in the npm registry.
31 error 404 You should bug the author to publish it
31 error 404 It was specified as a dependency of 'SBKH'
31 error 404
31 error 404 Note that you can also install from a
31 error 404 tarball, folder, or http url, or git url.
32 error System Darwin 14.1.0
33 error command "node" "/usr/local/bin/npm" "install" "--save-dev" "gulp--sass"
34 error cwd /Users/sivar004/Sites/dclient.dev/wp-content/themes/react_angular
35 error node -v v0.10.33
36 error npm -v 1.4.28
37 error code E404
38 verbose exit [ 1, true ]
